 * Restarting with stat
 * Debugger is active!
 * Debugger PIN: 865-532-378
(14959) wsgi starting up on http://0.0.0.0:8080
(14959) accepted ('127.0.0.1', 56993)
(14959) accepted ('127.0.0.1', 56994)
127.0.0.1 - - [19/May/2025 16:22:53] "GET / HTTP/1.1" 200 10698 0.009292
127.0.0.1 - - [19/May/2025 16:22:53] "GET /static/css/style.css HTTP/1.1" 304 197 0.006104
(14959) accepted ('127.0.0.1', 57002)
(14959) accepted ('127.0.0.1', 57003)
(14959) accepted ('127.0.0.1', 57005)
127.0.0.1 - - [19/May/2025 16:22:53] "GET /static/js/charts.js HTTP/1.1" 200 13657 0.001046
127.0.0.1 - - [19/May/2025 16:22:53] "GET /static/js/visualization.js HTTP/1.1" 200 22393 0.001269
127.0.0.1 - - [19/May/2025 16:22:53] "GET /static/js/controls.js HTTP/1.1" 304 199 0.000746
127.0.0.1 - - [19/May/2025 16:22:53] "GET /static/js/app.js HTTP/1.1" 200 29857 0.001368
(14959) accepted ('127.0.0.1', 57032)
127.0.0.1 - - [19/May/2025 16:22:56] "GET /static/img/favicon.ico HTTP/1.1" 304 199 0.001646
127.0.0.1 - - [19/May/2025 16:23:41] "GET /socket.io/?EIO=4&transport=websocket HTTP/1.1" 200 0 45.701210
(14959) accepted ('127.0.0.1', 57483)
Starting server on port 8080
Client connected
Starting simulation with scenario: obstacle, controller: pid, obstacle avoidance: True
Created obstacle avoidance system successfully
Initialized obstacle avoidance with 0 static and 0 dynamic obstacles
Simulation worker starting... total_steps=1200, dt=0.1
Simulation thread started successfully: 13468250112
Simulation step 0/1200 - Time: 0.0s - Position: (0.0, 0.0)
Sent obstacle data: 4 static, 2 dynamic
Simulation step 10/1200 - Time: 1.1s - Position: (0.1, -0.0)
Sent obstacle data: 4 static, 2 dynamic
Simulation step 20/1200 - Time: 2.0s - Position: (0.3, -0.0)
Sent obstacle data: 4 static, 2 dynamic
Simulation step 30/1200 - Time: 3.0s - Position: (0.5, -0.2)
Sent obstacle data: 4 static, 2 dynamic
Simulation step 40/1200 - Time: 4.0s - Position: (0.6, -0.4)
Sent obstacle data: 4 static, 2 dynamic
Simulation step 50/1200 - Time: 5.1s - Position: (0.5, -0.6)
Sent obstacle data: 4 static, 2 dynamic
Simulation step 60/1200 - Time: 6.1s - Position: (0.4, -0.7)
Sent obstacle data: 4 static, 2 dynamic
Simulation step 70/1200 - Time: 7.1s - Position: (0.1, -0.8)
Sent obstacle data: 4 static, 2 dynamic
Simulation step 80/1200 - Time: 8.1s - Position: (-0.1, -0.9)
Sent obstacle data: 4 static, 2 dynamic
Simulation step 90/1200 - Time: 9.1s - Position: (-0.3, -1.1)
Sent obstacle data: 4 static, 2 dynamic
Simulation step 100/1200 - Time: 10.1s - Position: (-0.5, -1.4)
Sent obstacle data: 4 static, 2 dynamic
Simulation step 110/1200 - Time: 11.1s - Position: (-0.6, -1.7)
Sent obstacle data: 4 static, 2 dynamic
Simulation step 120/1200 - Time: 12.1s - Position: (-0.8, -2.1)
Sent obstacle data: 4 static, 2 dynamic
Simulation step 130/1200 - Time: 13.1s - Position: (-1.0, -2.4)
Sent obstacle data: 4 static, 2 dynamic
Simulation step 140/1200 - Time: 14.1s - Position: (-1.3, -2.7)
Sent obstacle data: 0 static, 0 dynamic
Simulation step 150/1200 - Time: 15.1s - Position: (-1.7, -3.1)
Sent obstacle data: 4 static, 2 dynamic
Simulation step 160/1200 - Time: 16.1s - Position: (-2.1, -3.6)
Sent obstacle data: 4 static, 2 dynamic
Simulation step 170/1200 - Time: 17.1s - Position: (-2.5, -4.2)
Sent obstacle data: 4 static, 2 dynamic
Simulation step 180/1200 - Time: 18.1s - Position: (-2.9, -4.9)
Sent obstacle data: 4 static, 2 dynamic
Simulation step 190/1200 - Time: 19.0s - Position: (-3.3, -5.8)
Sent obstacle data: 4 static, 2 dynamic
Simulation step 200/1200 - Time: 20.0s - Position: (-4.0, -7.1)
Sent obstacle data: 4 static, 2 dynamic
Simulation step 210/1200 - Time: 21.0s - Position: (-4.8, -10.2)
Sent obstacle data: 4 static, 2 dynamic
Simulation step 220/1200 - Time: 22.0s - Position: (-4.1, -18.6)
Sent obstacle data: 4 static, 2 dynamic
Simulation step 230/1200 - Time: 23.0s - Position: (4.2, -25.5)
Sent obstacle data: 4 static, 2 dynamic
Simulation step 240/1200 - Time: 24.0s - Position: (14.6, -22.8)
Sent obstacle data: 4 static, 2 dynamic
Simulation completed successfully
Starting simulation with scenario: waypoint, controller: pid, obstacle avoidance: True
Initialized obstacle avoidance with 0 static and 0 dynamic obstacles
Simulation worker starting... total_steps=1200, dt=0.1
Simulation thread started successfully: 13468250112
Simulation step 0/1200 - Time: 0.0s - Position: (0.0, 0.0)
Sent obstacle data: 4 static, 2 dynamic
Simulation step 10/1200 - Time: 1.1s - Position: (0.1, -0.0)
Sent obstacle data: 4 static, 2 dynamic
Simulation step 20/1200 - Time: 2.0s - Position: (0.3, -0.1)
Sent obstacle data: 4 static, 2 dynamic
Simulation step 30/1200 - Time: 3.0s - Position: (0.5, -0.2)
Sent obstacle data: 4 static, 2 dynamic
Simulation step 40/1200 - Time: 4.0s - Position: (0.6, -0.4)
Sent obstacle data: 4 static, 2 dynamic
Simulation step 50/1200 - Time: 5.1s - Position: (0.5, -0.6)
Sent obstacle data: 4 static, 2 dynamic
Simulation step 60/1200 - Time: 6.1s - Position: (0.4, -0.7)
Sent obstacle data: 4 static, 2 dynamic
Simulation step 70/1200 - Time: 7.1s - Position: (0.1, -0.8)
Sent obstacle data: 4 static, 2 dynamic
Simulation step 80/1200 - Time: 8.1s - Position: (-0.1, -0.9)
Sent obstacle data: 4 static, 2 dynamic
Simulation step 90/1200 - Time: 9.1s - Position: (-0.4, -1.2)
Sent obstacle data: 4 static, 2 dynamic
Simulation step 100/1200 - Time: 10.1s - Position: (-0.5, -1.4)
Sent obstacle data: 4 static, 2 dynamic
Simulation step 110/1200 - Time: 11.1s - Position: (-0.7, -1.8)
Sent obstacle data: 4 static, 2 dynamic
Simulation step 120/1200 - Time: 12.1s - Position: (-0.9, -2.1)
Sent obstacle data: 4 static, 2 dynamic
Client disconnected
Simulation step 130/1200 - Time: 13.1s - Position: (-1.1, -2.4)
Sent obstacle data: 4 static, 2 dynamic
Simulation step 140/1200 - Time: 14.1s - Position: (-1.4, -2.8)
Sent obstacle data: 4 static, 2 dynamic
Client connected
Simulation step 150/1200 - Time: 15.1s - Position: (-1.7, -3.1)
Sent obstacle data: 4 static, 2 dynamic
Simulation step 160/1200 - Time: 16.1s - Position: (-2.0, -3.4)
Sent obstacle data: 4 static, 2 dynamic
Simulation step 170/1200 - Time: 17.1s - Position: (-2.4, -3.8)
Sent obstacle data: 4 static, 2 dynamic
Simulation step 180/1200 - Time: 18.1s - Position: (-2.7, -4.2)
Sent obstacle data: 4 static, 2 dynamic
Simulation step 190/1200 - Time: 19.0s - Position: (-2.9, -4.7)
Sent obstacle data: 4 static, 2 dynamic
Simulation step 200/1200 - Time: 20.0s - Position: (-3.2, -5.2)
Sent obstacle data: 4 static, 2 dynamic
Simulation step 210/1200 - Time: 21.0s - Position: (-3.5, -5.8)
Sent obstacle data: 4 static, 2 dynamic
Simulation step 220/1200 - Time: 22.0s - Position: (-3.8, -6.4)
Sent obstacle data: 4 static, 2 dynamic
Simulation step 230/1200 - Time: 23.0s - Position: (-3.9, -7.1)
Sent obstacle data: 4 static, 2 dynamic
Simulation step 240/1200 - Time: 24.0s - Position: (-4.0, -7.8)
Sent obstacle data: 4 static, 2 dynamic
Simulation step 250/1200 - Time: 25.0s - Position: (-3.8, -8.4)
Sent obstacle data: 4 static, 2 dynamic
Simulation step 260/1200 - Time: 26.0s - Position: (-3.6, -8.9)
Sent obstacle data: 4 static, 2 dynamic
Simulation step 270/1200 - Time: 27.0s - Position: (-3.2, -9.3)
Sent obstacle data: 4 static, 2 dynamic
Simulation step 280/1200 - Time: 28.0s - Position: (-2.8, -9.6)
Sent obstacle data: 4 static, 2 dynamic
Simulation step 290/1200 - Time: 29.0s - Position: (-2.3, -9.9)
Sent obstacle data: 4 static, 2 dynamic
Simulation step 300/1200 - Time: 30.0s - Position: (-1.8, -10.1)
Sent obstacle data: 4 static, 2 dynamic
Simulation step 310/1200 - Time: 31.0s - Position: (-1.2, -10.4)
Sent obstacle data: 4 static, 2 dynamic
Simulation step 320/1200 - Time: 32.0s - Position: (-0.6, -10.8)
Sent obstacle data: 4 static, 2 dynamic
Simulation step 330/1200 - Time: 33.0s - Position: (0.1, -11.3)
Sent obstacle data: 4 static, 2 dynamic
Simulation step 340/1200 - Time: 34.0s - Position: (0.9, -11.9)
Sent obstacle data: 4 static, 2 dynamic
Simulation step 350/1200 - Time: 35.0s - Position: (2.0, -12.9)
Sent obstacle data: 4 static, 2 dynamic
Simulation step 360/1200 - Time: 36.0s - Position: (4.0, -15.0)
Sent obstacle data: 4 static, 2 dynamic
Simulation step 370/1200 - Time: 37.0s - Position: (8.8, -20.6)
Sent obstacle data: 4 static, 2 dynamic
Simulation step 380/1200 - Time: 38.0s - Position: (15.2, -29.0)
Sent obstacle data: 4 static, 2 dynamic
Simulation step 390/1200 - Time: 39.0s - Position: (16.4, -39.8)
Sent obstacle data: 4 static, 2 dynamic
Simulation step 400/1200 - Time: 40.0s - Position: (8.5, -47.3)
Sent obstacle data: 4 static, 2 dynamic
Simulation step 410/1200 - Time: 41.0s - Position: (-2.5, -48.2)
Sent obstacle data: 4 static, 2 dynamic
Simulation step 420/1200 - Time: 42.0s - Position: (-13.1, -44.9)
Sent obstacle data: 4 static, 2 dynamic
Simulation step 430/1200 - Time: 43.0s - Position: (-20.2, -36.6)
Sent obstacle data: 4 static, 2 dynamic
Simulation step 440/1200 - Time: 44.0s - Position: (-18.3, -26.0)
Sent obstacle data: 4 static, 2 dynamic
Simulation step 450/1200 - Time: 45.0s - Position: (-8.4, -21.8)
Sent obstacle data: 4 static, 2 dynamic
Simulation step 460/1200 - Time: 46.0s - Position: (1.8, -25.9)
Sent obstacle data: 4 static, 2 dynamic
127.0.0.1 - - [19/May/2025 16:24:27] "GET /socket.io/?EIO=4&transport=websocket HTTP/1.1" 200 0 45.008320
(14959) accepted ('127.0.0.1', 57899)
127.0.0.1 - - [19/May/2025 16:25:14] "GET /socket.io/?EIO=4&transport=websocket HTTP/1.1" 200 0 45.016742
(14959) accepted ('127.0.0.1', 58359)
127.0.0.1 - - [19/May/2025 16:26:01] "GET /socket.io/?EIO=4&transport=websocket HTTP/1.1" 200 0 45.005495
(14959) accepted ('127.0.0.1', 58813)
Simulation step 470/1200 - Time: 47.0s - Position: (9.9, -33.5)
Sent obstacle data: 4 static, 2 dynamic
Simulation step 480/1200 - Time: 48.0s - Position: (12.7, -44.1)
Sent obstacle data: 4 static, 2 dynamic
Simulation step 490/1200 - Time: 49.0s - Position: (6.9, -53.3)
Sent obstacle data: 4 static, 2 dynamic
Simulation step 500/1200 - Time: 50.0s - Position: (-3.4, -57.4)
Sent obstacle data: 4 static, 2 dynamic
Simulation step 510/1200 - Time: 51.0s - Position: (-14.3, -56.4)
Sent obstacle data: 4 static, 2 dynamic
Simulation step 520/1200 - Time: 52.0s - Position: (-21.3, -48.1)
Sent obstacle data: 4 static, 2 dynamic
Simulation step 530/1200 - Time: 53.0s - Position: (-18.3, -37.8)
Sent obstacle data: 4 static, 2 dynamic
Simulation step 540/1200 - Time: 54.0s - Position: (-8.1, -34.7)
Sent obstacle data: 4 static, 2 dynamic
Simulation step 550/1200 - Time: 55.0s - Position: (1.1, -40.7)
Sent obstacle data: 4 static, 2 dynamic
Simulation step 560/1200 - Time: 56.0s - Position: (5.7, -50.8)
Sent obstacle data: 4 static, 2 dynamic
Simulation step 570/1200 - Time: 57.0s - Position: (6.0, -61.9)
Sent obstacle data: 4 static, 2 dynamic
Simulation step 580/1200 - Time: 58.0s - Position: (4.3, -73.0)
Sent obstacle data: 4 static, 2 dynamic
Client disconnected
Simulation step 590/1200 - Time: 59.0s - Position: (5.4, -84.0)
Sent obstacle data: 4 static, 2 dynamic
Simulation step 600/1200 - Time: 60.0s - Position: (12.7, -92.1)
Sent obstacle data: 4 static, 2 dynamic
Client connected
Simulation step 610/1200 - Time: 61.0s - Position: (23.4, -91.0)
Sent obstacle data: 4 static, 2 dynamic
Simulation step 620/1200 - Time: 62.0s - Position: (29.4, -81.9)
Sent obstacle data: 4 static, 2 dynamic
Simulation step 630/1200 - Time: 63.0s - Position: (31.1, -70.8)
Sent obstacle data: 4 static, 2 dynamic
Simulation step 640/1200 - Time: 64.0s - Position: (34.2, -60.2)
Sent obstacle data: 4 static, 2 dynamic
Simulation step 650/1200 - Time: 65.0s - Position: (42.4, -53.0)
Sent obstacle data: 4 static, 2 dynamic
Simulation step 660/1200 - Time: 66.0s - Position: (53.0, -54.7)
Sent obstacle data: 4 static, 2 dynamic
Simulation step 670/1200 - Time: 67.0s - Position: (58.2, -64.3)
Sent obstacle data: 4 static, 2 dynamic
Simulation step 680/1200 - Time: 68.0s - Position: (58.3, -75.4)
Sent obstacle data: 4 static, 2 dynamic
Simulation step 690/1200 - Time: 69.0s - Position: (59.5, -86.5)
Sent obstacle data: 4 static, 2 dynamic
Simulation step 700/1200 - Time: 70.0s - Position: (66.1, -95.2)
Sent obstacle data: 4 static, 2 dynamic
Simulation step 710/1200 - Time: 71.0s - Position: (76.8, -96.0)
Sent obstacle data: 4 static, 2 dynamic
Simulation step 720/1200 - Time: 72.0s - Position: (83.9, -87.7)
Sent obstacle data: 4 static, 2 dynamic
Simulation step 730/1200 - Time: 73.0s - Position: (85.9, -76.7)
Sent obstacle data: 4 static, 2 dynamic
Simulation step 740/1200 - Time: 74.0s - Position: (88.5, -65.9)
Sent obstacle data: 4 static, 2 dynamic
Simulation step 750/1200 - Time: 75.0s - Position: (95.3, -57.2)
Sent obstacle data: 4 static, 2 dynamic
Simulation step 760/1200 - Time: 76.1s - Position: (106.8, -53.3)
Sent obstacle data: 4 static, 2 dynamic
Simulation step 770/1200 - Time: 77.1s - Position: (118.0, -53.3)
Sent obstacle data: 4 static, 2 dynamic
Simulation step 780/1200 - Time: 78.1s - Position: (129.2, -53.3)
Sent obstacle data: 4 static, 2 dynamic
Simulation step 790/1200 - Time: 79.1s - Position: (140.0, -50.7)
Sent obstacle data: 4 static, 2 dynamic
Simulation step 800/1200 - Time: 80.1s - Position: (149.7, -45.2)
Sent obstacle data: 4 static, 2 dynamic
Simulation step 810/1200 - Time: 81.1s - Position: (158.5, -38.3)
Sent obstacle data: 4 static, 2 dynamic
Simulation step 820/1200 - Time: 82.1s - Position: (167.2, -31.3)
Sent obstacle data: 4 static, 2 dynamic
Simulation step 830/1200 - Time: 83.1s - Position: (176.5, -25.1)
Sent obstacle data: 4 static, 2 dynamic
Simulation step 840/1200 - Time: 84.1s - Position: (186.5, -20.1)
Sent obstacle data: 4 static, 2 dynamic
Simulation step 850/1200 - Time: 85.1s - Position: (196.8, -15.8)
Sent obstacle data: 4 static, 2 dynamic
Simulation step 860/1200 - Time: 86.1s - Position: (207.3, -11.8)
Sent obstacle data: 4 static, 2 dynamic
Simulation step 870/1200 - Time: 87.1s - Position: (217.5, -7.4)
Sent obstacle data: 4 static, 2 dynamic
Simulation step 880/1200 - Time: 88.1s - Position: (227.6, -2.5)
Sent obstacle data: 4 static, 2 dynamic
Simulation step 890/1200 - Time: 89.1s - Position: (237.5, 2.7)
Sent obstacle data: 4 static, 2 dynamic
Simulation step 900/1200 - Time: 90.1s - Position: (247.3, 8.1)
Sent obstacle data: 4 static, 2 dynamic
Simulation step 910/1200 - Time: 91.1s - Position: (257.2, 13.4)
Sent obstacle data: 4 static, 2 dynamic
Simulation step 920/1200 - Time: 92.1s - Position: (267.1, 18.5)
Sent obstacle data: 4 static, 2 dynamic
Simulation step 930/1200 - Time: 93.1s - Position: (277.1, 23.4)
Sent obstacle data: 4 static, 2 dynamic
Simulation step 940/1200 - Time: 94.1s - Position: (287.2, 28.3)
Sent obstacle data: 4 static, 2 dynamic
Simulation step 950/1200 - Time: 95.1s - Position: (297.3, 33.1)
Sent obstacle data: 4 static, 2 dynamic
Simulation step 960/1200 - Time: 96.1s - Position: (307.4, 38.0)
Sent obstacle data: 4 static, 2 dynamic
Simulation step 970/1200 - Time: 97.1s - Position: (317.4, 42.9)
Sent obstacle data: 4 static, 2 dynamic
Simulation step 980/1200 - Time: 98.1s - Position: (327.3, 48.0)
Sent obstacle data: 4 static, 2 dynamic
Simulation step 990/1200 - Time: 99.1s - Position: (337.3, 53.1)
Sent obstacle data: 4 static, 2 dynamic
Simulation step 1000/1200 - Time: 100.1s - Position: (347.3, 58.2)
Sent obstacle data: 4 static, 2 dynamic
Simulation step 1010/1200 - Time: 101.1s - Position: (357.2, 63.2)
Sent obstacle data: 4 static, 2 dynamic
Simulation step 1020/1200 - Time: 102.1s - Position: (367.2, 68.2)
Sent obstacle data: 4 static, 2 dynamic
Simulation step 1030/1200 - Time: 103.1s - Position: (377.3, 73.1)
Sent obstacle data: 4 static, 2 dynamic
Client disconnected
Simulation step 1040/1200 - Time: 104.1s - Position: (387.3, 78.1)
Sent obstacle data: 4 static, 2 dynamic
Simulation step 1050/1200 - Time: 105.1s - Position: (397.3, 83.0)
Sent obstacle data: 4 static, 2 dynamic
Client connected
Simulation step 1060/1200 - Time: 106.1s - Position: (407.4, 87.9)
Sent obstacle data: 4 static, 2 dynamic
Simulation step 1070/1200 - Time: 107.1s - Position: (417.4, 92.8)
Sent obstacle data: 4 static, 2 dynamic
Simulation step 1080/1200 - Time: 108.1s - Position: (427.4, 97.8)
Sent obstacle data: 4 static, 2 dynamic
Simulation step 1090/1200 - Time: 109.1s - Position: (437.4, 102.9)
Sent obstacle data: 4 static, 2 dynamic
Simulation step 1100/1200 - Time: 110.1s - Position: (447.3, 108.0)
Sent obstacle data: 4 static, 2 dynamic
Simulation step 1110/1200 - Time: 111.1s - Position: (457.2, 113.2)
Sent obstacle data: 4 static, 2 dynamic
Simulation step 1120/1200 - Time: 112.1s - Position: (467.2, 118.2)
Sent obstacle data: 4 static, 2 dynamic
Simulation step 1130/1200 - Time: 113.1s - Position: (477.2, 123.2)
Sent obstacle data: 4 static, 2 dynamic
Simulation step 1140/1200 - Time: 114.1s - Position: (487.2, 128.2)
Sent obstacle data: 4 static, 2 dynamic
Simulation step 1150/1200 - Time: 115.1s - Position: (497.3, 133.1)
Sent obstacle data: 4 static, 2 dynamic
Simulation step 1160/1200 - Time: 116.1s - Position: (507.3, 138.0)
Sent obstacle data: 4 static, 2 dynamic
Simulation step 1170/1200 - Time: 117.1s - Position: (517.4, 142.9)
Sent obstacle data: 4 static, 2 dynamic
Simulation step 1180/1200 - Time: 118.1s - Position: (527.4, 147.9)
Sent obstacle data: 4 static, 2 dynamic
Simulation step 1190/1200 - Time: 119.1s - Position: (537.4, 152.8)
Sent obstacle data: 4 static, 2 dynamic
Simulation completed successfully
Client disconnected
Client connected
Starting simulation with scenario: waypoint, controller: pid, obstacle avoidance: True
Initialized obstacle avoidance with 0 static and 0 dynamic obstacles
Simulation worker starting... total_steps=1200, dt=0.1
Simulation thread started successfully: 13468250112
Simulation step 0/1200 - Time: 0.0s - Position: (0.0, 0.0)
(14959) accepted ('127.0.0.1', 50171)
127.0.0.1 - - [19/May/2025 17:41:45] "GET / HTTP/1.1" 200 10698 0.002499
(14959) accepted ('127.0.0.1', 50174)
(14959) accepted ('127.0.0.1', 50180)
(14959) accepted ('127.0.0.1', 50182)
(14959) accepted ('127.0.0.1', 50183)
127.0.0.1 - - [19/May/2025 17:41:45] "GET /static/css/style.css HTTP/1.1" 304 197 0.002325
127.0.0.1 - - [19/May/2025 17:41:45] "GET /static/js/charts.js HTTP/1.1" 304 197 0.001089
127.0.0.1 - - [19/May/2025 17:41:45] "GET /static/js/visualization.js HTTP/1.1" 304 204 0.001912
127.0.0.1 - - [19/May/2025 17:41:45] "GET /static/js/controls.js HTTP/1.1" 304 199 0.000964
127.0.0.1 - - [19/May/2025 17:41:45] "GET /static/js/app.js HTTP/1.1" 304 194 0.001068
(14959) accepted ('127.0.0.1', 50187)
(14959) accepted ('127.0.0.1', 50189)
127.0.0.1 - - [19/May/2025 17:41:45] "GET /static/img/favicon.ico HTTP/1.1" 304 199 0.001106
127.0.0.1 - - [19/May/2025 17:41:49] "GET /socket.io/?EIO=4&transport=websocket HTTP/1.1" 200 0 4545.936891
Sent obstacle data: 4 static, 2 dynamic
Simulation step 10/1200 - Time: 1.1s - Position: (0.1, -0.0)
Sent obstacle data: 4 static, 2 dynamic
Simulation step 20/1200 - Time: 2.0s - Position: (0.3, -0.0)
Sent obstacle data: 4 static, 2 dynamic
Simulation step 30/1200 - Time: 3.0s - Position: (0.5, -0.1)
Sent obstacle data: 4 static, 2 dynamic
Simulation step 40/1200 - Time: 4.0s - Position: (0.8, -0.3)
Sent obstacle data: 4 static, 2 dynamic
Simulation step 50/1200 - Time: 5.1s - Position: (0.9, -0.7)
Sent obstacle data: 4 static, 2 dynamic
Simulation step 60/1200 - Time: 6.1s - Position: (0.9, -0.9)
Sent obstacle data: 4 static, 2 dynamic
Simulation step 70/1200 - Time: 7.1s - Position: (0.8, -1.1)
Sent obstacle data: 4 static, 2 dynamic
Simulation step 80/1200 - Time: 8.1s - Position: (0.5, -1.2)
Sent obstacle data: 4 static, 2 dynamic
Simulation step 90/1200 - Time: 9.1s - Position: (0.3, -1.3)
Sent obstacle data: 4 static, 2 dynamic
Simulation step 100/1200 - Time: 10.1s - Position: (-0.0, -1.3)
Sent obstacle data: 4 static, 2 dynamic
Simulation step 110/1200 - Time: 11.1s - Position: (-0.4, -1.5)
Sent obstacle data: 4 static, 2 dynamic
Simulation step 120/1200 - Time: 12.1s - Position: (-0.7, -1.7)
Sent obstacle data: 4 static, 2 dynamic
Simulation step 130/1200 - Time: 13.1s - Position: (-1.0, -1.9)
Sent obstacle data: 4 static, 2 dynamic
Simulation step 140/1200 - Time: 14.1s - Position: (-1.3, -2.1)
Sent obstacle data: 4 static, 2 dynamic
Simulation step 150/1200 - Time: 15.1s - Position: (-1.6, -2.4)
Sent obstacle data: 4 static, 2 dynamic
Simulation step 160/1200 - Time: 16.1s - Position: (-1.9, -2.7)
Sent obstacle data: 4 static, 2 dynamic
Simulation step 170/1200 - Time: 17.1s - Position: (-2.3, -3.0)
Sent obstacle data: 4 static, 2 dynamic
Simulation step 180/1200 - Time: 18.1s - Position: (-2.7, -3.3)
Sent obstacle data: 4 static, 2 dynamic
Simulation step 190/1200 - Time: 19.0s - Position: (-3.1, -3.6)
Sent obstacle data: 4 static, 2 dynamic
Simulation step 200/1200 - Time: 20.0s - Position: (-3.6, -3.9)
Sent obstacle data: 4 static, 2 dynamic
Simulation step 210/1200 - Time: 21.0s - Position: (-4.0, -4.2)
Sent obstacle data: 4 static, 2 dynamic
Simulation step 220/1200 - Time: 22.0s - Position: (-4.5, -4.6)
Sent obstacle data: 4 static, 2 dynamic
Simulation step 230/1200 - Time: 23.0s - Position: (-5.0, -5.1)
Sent obstacle data: 4 static, 2 dynamic
Simulation step 240/1200 - Time: 24.0s - Position: (-5.5, -5.6)
Sent obstacle data: 4 static, 2 dynamic
Simulation step 250/1200 - Time: 25.0s - Position: (-6.0, -6.3)
Sent obstacle data: 4 static, 2 dynamic
Simulation step 260/1200 - Time: 26.0s - Position: (-6.3, -7.1)
Sent obstacle data: 4 static, 2 dynamic
Simulation step 270/1200 - Time: 27.0s - Position: (-6.4, -8.0)
Sent obstacle data: 4 static, 2 dynamic
Simulation step 280/1200 - Time: 28.0s - Position: (-6.4, -8.9)
Sent obstacle data: 4 static, 2 dynamic
Simulation step 290/1200 - Time: 29.0s - Position: (-6.3, -9.7)
Sent obstacle data: 4 static, 2 dynamic
Simulation step 300/1200 - Time: 30.0s - Position: (-6.0, -10.7)
Sent obstacle data: 4 static, 2 dynamic
Simulation step 310/1200 - Time: 31.0s - Position: (-5.5, -12.2)
Sent obstacle data: 4 static, 2 dynamic
Simulation step 320/1200 - Time: 32.0s - Position: (-4.5, -16.1)
Sent obstacle data: 4 static, 2 dynamic
Simulation step 330/1200 - Time: 33.0s - Position: (-3.2, -20.9)
Sent obstacle data: 4 static, 2 dynamic
Simulation step 340/1200 - Time: 34.0s - Position: (-1.8, -25.8)
Sent obstacle data: 4 static, 2 dynamic
Simulation step 350/1200 - Time: 35.0s - Position: (0.0, -30.8)
Sent obstacle data: 4 static, 2 dynamic
Simulation step 360/1200 - Time: 36.0s - Position: (4.0, -37.1)
Sent obstacle data: 4 static, 2 dynamic
Simulation step 370/1200 - Time: 37.0s - Position: (8.0, -47.1)
Sent obstacle data: 4 static, 2 dynamic
Simulation step 380/1200 - Time: 38.0s - Position: (4.3, -57.2)
Sent obstacle data: 4 static, 2 dynamic
Simulation step 390/1200 - Time: 39.0s - Position: (-5.6, -62.3)
Sent obstacle data: 4 static, 2 dynamic
Client connected
Simulation step 400/1200 - Time: 40.0s - Position: (-16.4, -65.0)
Sent obstacle data: 4 static, 2 dynamic
Simulation step 410/1200 - Time: 41.0s - Position: (-25.8, -70.9)
Sent obstacle data: 4 static, 2 dynamic
Simulation step 420/1200 - Time: 42.0s - Position: (-29.2, -81.2)
Sent obstacle data: 4 static, 2 dynamic
Client disconnected
Simulation step 430/1200 - Time: 43.0s - Position: (-22.9, -89.9)
Sent obstacle data: 4 static, 2 dynamic
Simulation step 440/1200 - Time: 44.0s - Position: (-12.0, -90.1)
Sent obstacle data: 4 static, 2 dynamic
Simulation step 450/1200 - Time: 45.0s - Position: (-2.1, -85.0)
Sent obstacle data: 4 static, 2 dynamic
Simulation step 460/1200 - Time: 46.0s - Position: (8.2, -80.7)
Sent obstacle data: 4 static, 2 dynamic
Simulation step 470/1200 - Time: 47.0s - Position: (19.2, -81.4)
Sent obstacle data: 4 static, 2 dynamic
Simulation step 480/1200 - Time: 48.0s - Position: (28.3, -87.7)
Sent obstacle data: 4 static, 2 dynamic
Simulation step 490/1200 - Time: 49.0s - Position: (35.1, -96.6)
Sent obstacle data: 4 static, 2 dynamic
Simulation step 500/1200 - Time: 50.0s - Position: (41.8, -105.5)
Sent obstacle data: 4 static, 2 dynamic
Simulation step 510/1200 - Time: 51.0s - Position: (50.3, -112.7)
Sent obstacle data: 4 static, 2 dynamic
Simulation step 520/1200 - Time: 52.0s - Position: (60.4, -117.4)
Sent obstacle data: 4 static, 2 dynamic
Simulation step 530/1200 - Time: 53.0s - Position: (71.2, -120.4)
Sent obstacle data: 4 static, 2 dynamic
Simulation step 540/1200 - Time: 54.0s - Position: (82.0, -123.2)
Sent obstacle data: 4 static, 2 dynamic
Simulation step 550/1200 - Time: 55.0s - Position: (92.6, -126.9)
Sent obstacle data: 4 static, 2 dynamic
Simulation step 560/1200 - Time: 56.0s - Position: (102.6, -131.8)
Sent obstacle data: 4 static, 2 dynamic
Simulation step 570/1200 - Time: 57.0s - Position: (112.2, -137.6)
Sent obstacle data: 4 static, 2 dynamic
Simulation step 580/1200 - Time: 58.0s - Position: (121.7, -143.5)
Sent obstacle data: 4 static, 2 dynamic
Simulation step 590/1200 - Time: 59.0s - Position: (131.4, -149.0)
Sent obstacle data: 4 static, 2 dynamic
Simulation step 600/1200 - Time: 60.0s - Position: (141.4, -154.1)
Sent obstacle data: 4 static, 2 dynamic
Simulation step 610/1200 - Time: 61.0s - Position: (151.5, -158.9)
Sent obstacle data: 4 static, 2 dynamic
Simulation step 620/1200 - Time: 62.0s - Position: (161.6, -163.7)
Sent obstacle data: 4 static, 2 dynamic
Simulation step 630/1200 - Time: 63.0s - Position: (171.5, -168.7)
Sent obstacle data: 4 static, 2 dynamic
Simulation step 640/1200 - Time: 64.0s - Position: (181.5, -173.9)
Sent obstacle data: 4 static, 2 dynamic
Simulation step 650/1200 - Time: 65.0s - Position: (191.4, -179.0)
Sent obstacle data: 4 static, 2 dynamic
Simulation step 660/1200 - Time: 66.0s - Position: (201.4, -184.0)
Sent obstacle data: 4 static, 2 dynamic
Simulation step 670/1200 - Time: 67.0s - Position: (211.5, -188.9)
Sent obstacle data: 4 static, 2 dynamic
Simulation step 680/1200 - Time: 68.0s - Position: (221.5, -193.8)
Sent obstacle data: 4 static, 2 dynamic
Simulation step 690/1200 - Time: 69.0s - Position: (231.6, -198.7)
Sent obstacle data: 4 static, 2 dynamic
Simulation step 700/1200 - Time: 70.0s - Position: (241.6, -203.6)
Sent obstacle data: 4 static, 2 dynamic
Simulation step 710/1200 - Time: 71.0s - Position: (251.6, -208.6)
Sent obstacle data: 4 static, 2 dynamic
Simulation step 720/1200 - Time: 72.0s - Position: (261.6, -213.6)
Sent obstacle data: 4 static, 2 dynamic
Simulation step 730/1200 - Time: 73.0s - Position: (271.6, -218.7)
Sent obstacle data: 4 static, 2 dynamic
Simulation step 740/1200 - Time: 74.0s - Position: (281.5, -223.8)
Sent obstacle data: 4 static, 2 dynamic
Simulation step 750/1200 - Time: 75.0s - Position: (291.5, -228.8)
Sent obstacle data: 4 static, 2 dynamic
Simulation step 760/1200 - Time: 76.1s - Position: (302.5, -234.3)
Sent obstacle data: 4 static, 2 dynamic
Simulation step 770/1200 - Time: 77.1s - Position: (312.6, -239.2)
Sent obstacle data: 4 static, 2 dynamic
127.0.0.1 - - [19/May/2025 17:42:31] "GET /socket.io/?EIO=4&transport=websocket HTTP/1.1" 200 0 45.734784
(14959) accepted ('127.0.0.1', 50826)
127.0.0.1 - - [19/May/2025 17:43:18] "GET /socket.io/?EIO=4&transport=websocket HTTP/1.1" 200 0 45.008401
(14959) accepted ('127.0.0.1', 51394)
(14959) accepted ('127.0.0.1', 57345)
(14959) accepted ('127.0.0.1', 57346)
127.0.0.1 - - [19/May/2025 17:47:21] "GET / HTTP/1.1" 200 10698 0.001512
127.0.0.1 - - [19/May/2025 17:47:21] "GET /static/css/style.css HTTP/1.1" 304 197 0.001987
(14959) accepted ('127.0.0.1', 57348)
127.0.0.1 - - [19/May/2025 17:47:21] "GET /static/js/charts.js HTTP/1.1" 304 197 0.001358
127.0.0.1 - - [19/May/2025 17:47:21] "GET /static/js/visualization.js HTTP/1.1" 304 204 0.001252
(14959) accepted ('127.0.0.1', 57351)
(14959) accepted ('127.0.0.1', 57352)
127.0.0.1 - - [19/May/2025 17:47:21] "GET /static/js/controls.js HTTP/1.1" 304 199 0.000988
127.0.0.1 - - [19/May/2025 17:47:21] "GET /static/js/app.js HTTP/1.1" 304 194 0.000986
(14959) accepted ('127.0.0.1', 57358)
(14959) accepted ('127.0.0.1', 57360)
127.0.0.1 - - [19/May/2025 17:47:21] "GET /static/img/favicon.ico HTTP/1.1" 304 199 0.001134
Simulation step 780/1200 - Time: 78.1s - Position: (322.6, -244.1)
Sent obstacle data: 4 static, 2 dynamic
Simulation step 790/1200 - Time: 79.1s - Position: (332.6, -249.0)
Sent obstacle data: 4 static, 2 dynamic
Simulation step 800/1200 - Time: 80.1s - Position: (342.7, -254.0)
Sent obstacle data: 4 static, 2 dynamic
Simulation step 810/1200 - Time: 81.1s - Position: (352.7, -259.0)
Sent obstacle data: 4 static, 2 dynamic
Simulation step 820/1200 - Time: 82.1s - Position: (362.7, -264.0)
Sent obstacle data: 4 static, 2 dynamic
Simulation step 830/1200 - Time: 83.1s - Position: (372.6, -269.1)
Sent obstacle data: 4 static, 2 dynamic
Client disconnected
Simulation step 840/1200 - Time: 84.1s - Position: (382.6, -274.1)
Sent obstacle data: 4 static, 2 dynamic
Simulation step 850/1200 - Time: 85.1s - Position: (392.6, -279.1)
Sent obstacle data: 4 static, 2 dynamic
Simulation step 860/1200 - Time: 86.1s - Position: (402.6, -284.1)
Sent obstacle data: 4 static, 2 dynamic
Client connected
Simulation step 870/1200 - Time: 87.1s - Position: (412.6, -289.1)
Sent obstacle data: 4 static, 2 dynamic
Simulation step 880/1200 - Time: 88.1s - Position: (422.6, -294.1)
Sent obstacle data: 4 static, 2 dynamic
Simulation step 890/1200 - Time: 89.1s - Position: (432.6, -299.2)
Sent obstacle data: 4 static, 2 dynamic
Simulation step 900/1200 - Time: 90.1s - Position: (442.5, -304.3)
Sent obstacle data: 4 static, 2 dynamic
Simulation step 910/1200 - Time: 91.1s - Position: (452.5, -309.4)
Sent obstacle data: 4 static, 2 dynamic
Simulation step 920/1200 - Time: 92.1s - Position: (462.4, -314.5)
Sent obstacle data: 4 static, 2 dynamic
Simulation step 930/1200 - Time: 93.1s - Position: (472.3, -319.6)
Sent obstacle data: 4 static, 2 dynamic
Simulation step 940/1200 - Time: 94.1s - Position: (482.3, -324.6)
Sent obstacle data: 4 static, 2 dynamic
Simulation step 950/1200 - Time: 95.1s - Position: (492.4, -329.5)
Sent obstacle data: 4 static, 2 dynamic
Simulation step 960/1200 - Time: 96.1s - Position: (502.5, -334.2)
Sent obstacle data: 4 static, 2 dynamic
Simulation step 970/1200 - Time: 97.1s - Position: (512.6, -339.0)
Sent obstacle data: 4 static, 2 dynamic
Simulation step 980/1200 - Time: 98.1s - Position: (522.7, -343.9)
Sent obstacle data: 4 static, 2 dynamic
Simulation step 990/1200 - Time: 99.1s - Position: (532.7, -348.8)
Sent obstacle data: 4 static, 2 dynamic
Simulation step 1000/1200 - Time: 100.1s - Position: (542.7, -353.8)
Sent obstacle data: 4 static, 2 dynamic
Simulation step 1010/1200 - Time: 101.1s - Position: (552.8, -358.8)
Sent obstacle data: 4 static, 2 dynamic
Simulation step 1020/1200 - Time: 102.1s - Position: (562.8, -363.7)
Sent obstacle data: 4 static, 2 dynamic
Simulation step 1030/1200 - Time: 103.1s - Position: (572.8, -368.7)
Sent obstacle data: 4 static, 2 dynamic
Simulation step 1040/1200 - Time: 104.1s - Position: (582.8, -373.7)
Sent obstacle data: 4 static, 2 dynamic
Simulation step 1050/1200 - Time: 105.1s - Position: (592.8, -378.7)
Sent obstacle data: 4 static, 2 dynamic
Simulation step 1060/1200 - Time: 106.1s - Position: (602.8, -383.7)
Sent obstacle data: 4 static, 2 dynamic
Simulation step 1070/1200 - Time: 107.1s - Position: (612.8, -388.7)
Sent obstacle data: 4 static, 2 dynamic
Simulation step 1080/1200 - Time: 108.1s - Position: (622.8, -393.6)
Sent obstacle data: 4 static, 2 dynamic
Simulation step 1090/1200 - Time: 109.1s - Position: (632.9, -398.5)
Sent obstacle data: 4 static, 2 dynamic
Simulation step 1100/1200 - Time: 110.1s - Position: (642.9, -403.4)
Sent obstacle data: 4 static, 2 dynamic
Simulation step 1110/1200 - Time: 111.1s - Position: (653.0, -408.3)
Sent obstacle data: 4 static, 2 dynamic
Simulation step 1120/1200 - Time: 112.1s - Position: (663.0, -413.3)
Sent obstacle data: 4 static, 2 dynamic
Simulation step 1130/1200 - Time: 113.1s - Position: (672.9, -418.4)
Sent obstacle data: 4 static, 2 dynamic
Simulation step 1140/1200 - Time: 114.1s - Position: (682.9, -423.5)
Sent obstacle data: 4 static, 2 dynamic
Simulation step 1150/1200 - Time: 115.1s - Position: (692.9, -428.6)
Sent obstacle data: 4 static, 2 dynamic
Simulation step 1160/1200 - Time: 116.1s - Position: (702.8, -433.6)
Sent obstacle data: 4 static, 2 dynamic
Simulation step 1170/1200 - Time: 117.1s - Position: (712.9, -438.6)
Sent obstacle data: 4 static, 2 dynamic
Simulation step 1180/1200 - Time: 118.1s - Position: (722.9, -443.5)
Sent obstacle data: 4 static, 2 dynamic
Simulation step 1190/1200 - Time: 119.1s - Position: (732.9, -448.5)
Sent obstacle data: 4 static, 2 dynamic
Simulation completed successfully
Client disconnected
Client connected
Starting simulation with scenario: waypoint, controller: pid, obstacle avoidance: True
Initialized obstacle avoidance with 0 static and 0 dynamic obstacles
Simulation worker starting... total_steps=1200, dt=0.1
Simulation thread started successfully: 13468250112
Simulation step 0/1200 - Time: 0.0s - Position: (0.0, 0.0)
Sent obstacle data: 4 static, 2 dynamic
Simulation step 10/1200 - Time: 1.1s - Position: (0.1, -0.0)
Sent obstacle data: 4 static, 2 dynamic
Simulation step 20/1200 - Time: 2.0s - Position: (0.3, -0.0)
Sent obstacle data: 4 static, 2 dynamic
Simulation step 30/1200 - Time: 3.0s - Position: (0.5, -0.2)
Sent obstacle data: 4 static, 2 dynamic
Simulation step 40/1200 - Time: 4.0s - Position: (0.6, -0.4)
Sent obstacle data: 4 static, 2 dynamic
Simulation step 50/1200 - Time: 5.1s - Position: (0.7, -0.6)
Sent obstacle data: 4 static, 2 dynamic
Client connected
Simulation step 60/1200 - Time: 6.1s - Position: (0.5, -0.8)
Sent obstacle data: 4 static, 2 dynamic
Simulation step 70/1200 - Time: 7.1s - Position: (0.3, -0.8)
Sent obstacle data: 4 static, 2 dynamic
Simulation step 80/1200 - Time: 8.1s - Position: (0.0, -0.9)
Sent obstacle data: 4 static, 2 dynamic
Simulation step 90/1200 - Time: 9.1s - Position: (-0.2, -1.0)
Sent obstacle data: 4 static, 2 dynamic
Simulation step 100/1200 - Time: 10.1s - Position: (-0.5, -1.2)
Sent obstacle data: 4 static, 2 dynamic
Simulation step 110/1200 - Time: 11.1s - Position: (-0.7, -1.5)
Sent obstacle data: 4 static, 2 dynamic
Simulation step 120/1200 - Time: 12.1s - Position: (-0.9, -1.8)
Sent obstacle data: 4 static, 2 dynamic
Simulation step 130/1200 - Time: 13.1s - Position: (-1.1, -2.2)
Sent obstacle data: 4 static, 2 dynamic
Simulation step 140/1200 - Time: 14.1s - Position: (-1.3, -2.5)
Sent obstacle data: 4 static, 2 dynamic
Simulation step 150/1200 - Time: 15.1s - Position: (-1.6, -2.9)
Sent obstacle data: 4 static, 2 dynamic
Simulation step 160/1200 - Time: 16.1s - Position: (-1.9, -3.3)
Sent obstacle data: 4 static, 2 dynamic
Simulation step 170/1200 - Time: 17.1s - Position: (-2.2, -3.7)
Sent obstacle data: 4 static, 2 dynamic
Simulation step 180/1200 - Time: 18.1s - Position: (-2.5, -4.1)
Sent obstacle data: 4 static, 2 dynamic
Simulation step 190/1200 - Time: 19.0s - Position: (-2.8, -4.5)
Sent obstacle data: 4 static, 2 dynamic
Simulation step 200/1200 - Time: 20.0s - Position: (-3.2, -5.0)
Sent obstacle data: 4 static, 2 dynamic
Simulation step 210/1200 - Time: 21.0s - Position: (-3.5, -5.5)
Sent obstacle data: 4 static, 2 dynamic
Simulation step 220/1200 - Time: 22.0s - Position: (-3.9, -6.1)
Sent obstacle data: 4 static, 2 dynamic
Simulation step 230/1200 - Time: 23.0s - Position: (-4.2, -6.8)
Sent obstacle data: 4 static, 2 dynamic
Simulation step 240/1200 - Time: 24.0s - Position: (-4.3, -7.5)
Sent obstacle data: 4 static, 2 dynamic
Simulation step 250/1200 - Time: 25.0s - Position: (-4.3, -8.3)
Sent obstacle data: 4 static, 2 dynamic
Simulation step 260/1200 - Time: 26.0s - Position: (-4.2, -9.0)
Sent obstacle data: 4 static, 2 dynamic
Simulation step 270/1200 - Time: 27.0s - Position: (-3.9, -9.6)
Sent obstacle data: 4 static, 2 dynamic
Simulation step 280/1200 - Time: 28.0s - Position: (-3.6, -10.1)
Sent obstacle data: 4 static, 2 dynamic
Simulation step 290/1200 - Time: 29.0s - Position: (-3.1, -10.4)
Sent obstacle data: 4 static, 2 dynamic
Simulation step 300/1200 - Time: 30.0s - Position: (-2.5, -10.7)
Sent obstacle data: 4 static, 2 dynamic
Simulation step 310/1200 - Time: 31.0s - Position: (-1.8, -11.1)
127.0.0.1 - - [19/May/2025 17:47:50] "GET /socket.io/?EIO=4&transport=websocket HTTP/1.1" 200 0 270.020875
127.0.0.1 - - [19/May/2025 17:48:06] "GET /socket.io/?EIO=4&transport=websocket HTTP/1.1" 200 0 45.027615
(14959) accepted ('127.0.0.1', 57924)
127.0.0.1 - - [19/May/2025 17:48:52] "GET /socket.io/?EIO=4&transport=websocket HTTP/1.1" 200 0 45.008041
(14959) accepted ('127.0.0.1', 58516)
Sent obstacle data: 4 static, 2 dynamic
Simulation step 320/1200 - Time: 32.0s - Position: (-1.0, -11.6)
Sent obstacle data: 4 static, 2 dynamic
Client disconnected
Simulation step 330/1200 - Time: 33.0s - Position: (-0.0, -12.2)
Sent obstacle data: 4 static, 2 dynamic
Simulation step 340/1200 - Time: 34.0s - Position: (1.5, -13.4)
Sent obstacle data: 4 static, 2 dynamic
Simulation step 350/1200 - Time: 35.0s - Position: (5.2, -16.8)
Sent obstacle data: 4 static, 2 dynamic
Simulation step 360/1200 - Time: 36.0s - Position: (11.8, -23.6)
Sent obstacle data: 4 static, 2 dynamic
Simulation step 370/1200 - Time: 37.0s - Position: (18.3, -32.3)
Sent obstacle data: 4 static, 2 dynamic
Simulation step 380/1200 - Time: 38.0s - Position: (17.0, -43.0)
Sent obstacle data: 4 static, 2 dynamic
Simulation step 390/1200 - Time: 39.0s - Position: (7.7, -48.7)
Sent obstacle data: 4 static, 2 dynamic
Simulation step 400/1200 - Time: 40.0s - Position: (-3.5, -48.9)
Sent obstacle data: 4 static, 2 dynamic
Simulation step 410/1200 - Time: 41.0s - Position: (-13.9, -45.0)
Sent obstacle data: 4 static, 2 dynamic
Simulation step 420/1200 - Time: 42.0s - Position: (-20.4, -36.2)
Sent obstacle data: 4 static, 2 dynamic
Simulation step 430/1200 - Time: 43.0s - Position: (-18.0, -25.7)
Sent obstacle data: 4 static, 2 dynamic
Simulation step 440/1200 - Time: 44.0s - Position: (-7.9, -21.9)
Sent obstacle data: 4 static, 2 dynamic
Simulation step 450/1200 - Time: 45.0s - Position: (2.3, -26.3)
Sent obstacle data: 4 static, 2 dynamic
Simulation step 460/1200 - Time: 46.0s - Position: (10.1, -34.1)
Sent obstacle data: 4 static, 2 dynamic
Simulation step 470/1200 - Time: 47.0s - Position: (12.3, -44.8)
Sent obstacle data: 4 static, 2 dynamic
Simulation step 480/1200 - Time: 48.0s - Position: (6.1, -53.7)
Sent obstacle data: 4 static, 2 dynamic
Client disconnected
Simulation step 490/1200 - Time: 49.0s - Position: (-4.4, -57.5)
Sent obstacle data: 4 static, 2 dynamic
Client connected
Simulation step 500/1200 - Time: 50.0s - Position: (-15.2, -55.7)
Sent obstacle data: 4 static, 2 dynamic
Simulation step 510/1200 - Time: 51.0s - Position: (-21.7, -47.1)
Sent obstacle data: 4 static, 2 dynamic
Simulation step 520/1200 - Time: 52.0s - Position: (-18.4, -36.9)
Sent obstacle data: 4 static, 2 dynamic
Simulation step 530/1200 - Time: 53.0s - Position: (-8.0, -34.3)
Sent obstacle data: 4 static, 2 dynamic
Simulation step 540/1200 - Time: 54.0s - Position: (1.1, -40.5)
Sent obstacle data: 4 static, 2 dynamic
Simulation step 550/1200 - Time: 55.0s - Position: (5.7, -50.6)
Sent obstacle data: 4 static, 2 dynamic
Simulation step 560/1200 - Time: 56.0s - Position: (6.2, -61.7)
Sent obstacle data: 4 static, 2 dynamic
Simulation step 570/1200 - Time: 57.0s - Position: (4.8, -72.8)
Sent obstacle data: 4 static, 2 dynamic
Simulation step 580/1200 - Time: 58.0s - Position: (6.2, -83.8)
Sent obstacle data: 4 static, 2 dynamic
Simulation step 590/1200 - Time: 59.0s - Position: (13.7, -91.7)
Sent obstacle data: 4 static, 2 dynamic
Simulation step 600/1200 - Time: 60.0s - Position: (24.3, -90.5)
Sent obstacle data: 4 static, 2 dynamic
Simulation step 610/1200 - Time: 61.0s - Position: (30.2, -81.2)
Sent obstacle data: 4 static, 2 dynamic
Simulation step 620/1200 - Time: 62.0s - Position: (31.8, -70.2)
Sent obstacle data: 4 static, 2 dynamic
Simulation step 630/1200 - Time: 63.0s - Position: (35.0, -59.5)
Sent obstacle data: 4 static, 2 dynamic
Simulation step 640/1200 - Time: 64.0s - Position: (43.4, -52.5)
Sent obstacle data: 4 static, 2 dynamic
Simulation step 650/1200 - Time: 65.0s - Position: (53.9, -54.4)
Sent obstacle data: 4 static, 2 dynamic
Simulation step 660/1200 - Time: 66.0s - Position: (58.9, -64.1)
Sent obstacle data: 4 static, 2 dynamic
Simulation step 670/1200 - Time: 67.0s - Position: (59.2, -75.3)
Sent obstacle data: 4 static, 2 dynamic
Simulation step 680/1200 - Time: 68.0s - Position: (60.9, -86.3)
Sent obstacle data: 4 static, 2 dynamic
Simulation step 690/1200 - Time: 69.0s - Position: (68.0, -94.6)
Sent obstacle data: 4 static, 2 dynamic
Simulation step 700/1200 - Time: 70.0s - Position: (78.8, -94.5)
Sent obstacle data: 4 static, 2 dynamic
Simulation step 710/1200 - Time: 71.0s - Position: (85.4, -85.9)
Sent obstacle data: 4 static, 2 dynamic
Simulation step 720/1200 - Time: 72.0s - Position: (87.2, -74.9)
Sent obstacle data: 4 static, 2 dynamic
Simulation step 730/1200 - Time: 73.0s - Position: (89.9, -64.1)
Sent obstacle data: 4 static, 2 dynamic
Simulation step 740/1200 - Time: 74.0s - Position: (97.1, -55.7)
Sent obstacle data: 4 static, 2 dynamic
Simulation step 750/1200 - Time: 75.0s - Position: (107.6, -52.1)
Sent obstacle data: 4 static, 2 dynamic
Simulation step 760/1200 - Time: 76.1s - Position: (119.9, -51.9)
Sent obstacle data: 4 static, 2 dynamic
Simulation step 770/1200 - Time: 77.1s - Position: (131.0, -51.5)
Sent obstacle data: 4 static, 2 dynamic
Simulation step 780/1200 - Time: 78.1s - Position: (141.8, -48.7)
Sent obstacle data: 4 static, 2 dynamic
Simulation step 790/1200 - Time: 79.1s - Position: (151.6, -43.3)
Sent obstacle data: 4 static, 2 dynamic
Simulation step 800/1200 - Time: 80.1s - Position: (160.5, -36.5)
Sent obstacle data: 4 static, 2 dynamic
Simulation step 810/1200 - Time: 81.1s - Position: (169.3, -29.7)
Sent obstacle data: 4 static, 2 dynamic
Simulation step 820/1200 - Time: 82.1s - Position: (178.7, -23.6)
Sent obstacle data: 4 static, 2 dynamic
Simulation step 830/1200 - Time: 83.1s - Position: (188.7, -18.6)
Sent obstacle data: 4 static, 2 dynamic
Simulation step 840/1200 - Time: 84.1s - Position: (199.0, -14.3)
Sent obstacle data: 4 static, 2 dynamic
Simulation step 850/1200 - Time: 85.1s - Position: (209.4, -10.1)
Sent obstacle data: 4 static, 2 dynamic
Simulation step 860/1200 - Time: 86.1s - Position: (219.6, -5.7)
Sent obstacle data: 4 static, 2 dynamic
Simulation step 870/1200 - Time: 87.1s - Position: (229.6, -0.7)
Sent obstacle data: 4 static, 2 dynamic
Simulation step 880/1200 - Time: 88.1s - Position: (239.5, 4.6)
Sent obstacle data: 4 static, 2 dynamic
Simulation step 890/1200 - Time: 89.1s - Position: (249.2, 10.0)
Sent obstacle data: 4 static, 2 dynamic
Simulation step 900/1200 - Time: 90.1s - Position: (259.1, 15.4)
Sent obstacle data: 4 static, 2 dynamic
Simulation step 910/1200 - Time: 91.1s - Position: (269.0, 20.5)
Sent obstacle data: 4 static, 2 dynamic
Simulation step 920/1200 - Time: 92.1s - Position: (279.1, 25.4)
Sent obstacle data: 4 static, 2 dynamic
Simulation step 930/1200 - Time: 93.1s - Position: (289.1, 30.2)
Sent obstacle data: 4 static, 2 dynamic
Client disconnected
Simulation step 940/1200 - Time: 94.1s - Position: (299.2, 35.1)
Sent obstacle data: 4 static, 2 dynamic
Simulation step 950/1200 - Time: 95.1s - Position: (309.1, 40.2)
Sent obstacle data: 4 static, 2 dynamic
Client connected
Simulation step 960/1200 - Time: 96.1s - Position: (319.1, 45.3)
Sent obstacle data: 4 static, 2 dynamic
Simulation step 970/1200 - Time: 97.1s - Position: (329.0, 50.4)
Sent obstacle data: 4 static, 2 dynamic
Simulation step 980/1200 - Time: 98.1s - Position: (339.0, 55.5)
Sent obstacle data: 4 static, 2 dynamic
Simulation step 990/1200 - Time: 99.1s - Position: (349.0, 60.4)
Sent obstacle data: 4 static, 2 dynamic
Simulation step 1000/1200 - Time: 100.1s - Position: (359.1, 65.3)
Sent obstacle data: 4 static, 2 dynamic
Simulation step 1010/1200 - Time: 101.1s - Position: (369.1, 70.2)
Sent obstacle data: 4 static, 2 dynamic
Simulation step 1020/1200 - Time: 102.1s - Position: (379.2, 75.0)
Sent obstacle data: 4 static, 2 dynamic
Simulation step 1030/1200 - Time: 103.1s - Position: (389.3, 80.0)
Sent obstacle data: 4 static, 2 dynamic
Simulation step 1040/1200 - Time: 104.1s - Position: (399.2, 85.0)
Sent obstacle data: 4 static, 2 dynamic
Simulation step 1050/1200 - Time: 105.1s - Position: (409.2, 90.1)
Sent obstacle data: 4 static, 2 dynamic
Simulation step 1060/1200 - Time: 106.1s - Position: (419.1, 95.2)
Sent obstacle data: 4 static, 2 dynamic
Simulation step 1070/1200 - Time: 107.1s - Position: (429.1, 100.2)
Sent obstacle data: 4 static, 2 dynamic
127.0.0.1 - - [19/May/2025 17:49:39] "GET /socket.io/?EIO=4&transport=websocket HTTP/1.1" 200 0 45.016817
(14959) accepted ('127.0.0.1', 59031)
127.0.0.1 - - [19/May/2025 17:50:50] "GET /socket.io/?EIO=4&transport=websocket HTTP/1.1" 200 0 70.020740
(14959) accepted ('127.0.0.1', 59858)
Simulation step 1080/1200 - Time: 108.1s - Position: (439.1, 105.3)
Sent obstacle data: 4 static, 2 dynamic
Simulation step 1090/1200 - Time: 109.1s - Position: (449.1, 110.3)
Sent obstacle data: 4 static, 2 dynamic
Simulation step 1100/1200 - Time: 110.1s - Position: (459.1, 115.3)
Sent obstacle data: 4 static, 2 dynamic
Simulation step 1110/1200 - Time: 111.1s - Position: (469.1, 120.3)
Sent obstacle data: 4 static, 2 dynamic
Simulation step 1120/1200 - Time: 112.1s - Position: (479.1, 125.3)
Sent obstacle data: 4 static, 2 dynamic
Simulation step 1130/1200 - Time: 113.1s - Position: (489.1, 130.4)
Sent obstacle data: 4 static, 2 dynamic
Simulation step 1140/1200 - Time: 114.1s - Position: (499.0, 135.4)
Sent obstacle data: 4 static, 2 dynamic
Simulation step 1150/1200 - Time: 115.1s - Position: (509.0, 140.4)
Sent obstacle data: 4 static, 2 dynamic
Simulation step 1160/1200 - Time: 116.1s - Position: (519.1, 145.3)
Sent obstacle data: 4 static, 2 dynamic
Simulation step 1170/1200 - Time: 117.1s - Position: (529.1, 150.3)
Sent obstacle data: 4 static, 2 dynamic
Simulation step 1180/1200 - Time: 118.1s - Position: (539.1, 155.3)
Sent obstacle data: 4 static, 2 dynamic
Simulation step 1190/1200 - Time: 119.1s - Position: (549.1, 160.3)
Sent obstacle data: 4 static, 2 dynamic
Simulation completed successfully
Client disconnected
Client connected
Starting simulation with scenario: waypoint, controller: pid, obstacle avoidance: True
Initialized obstacle avoidance with 0 static and 0 dynamic obstacles
Simulation worker starting... total_steps=1200, dt=0.1
Simulation thread started successfully: 13468250112
Simulation step 0/1200 - Time: 0.0s - Position: (0.0, 0.0)
Sent obstacle data: 4 static, 2 dynamic
Simulation step 10/1200 - Time: 1.1s - Position: (0.1, -0.0)
Sent obstacle data: 4 static, 2 dynamic
Simulation step 20/1200 - Time: 2.0s - Position: (0.3, -0.0)
Sent obstacle data: 4 static, 2 dynamic
Simulation step 30/1200 - Time: 3.0s - Position: (0.5, -0.2)
Sent obstacle data: 4 static, 2 dynamic
Simulation step 40/1200 - Time: 4.0s - Position: (0.7, -0.4)
Sent obstacle data: 4 static, 2 dynamic
Simulation step 50/1200 - Time: 5.1s - Position: (0.7, -0.6)
Sent obstacle data: 4 static, 2 dynamic
Simulation step 60/1200 - Time: 6.1s - Position: (0.5, -0.7)
Sent obstacle data: 4 static, 2 dynamic
Simulation step 70/1200 - Time: 7.1s - Position: (0.3, -0.8)
Sent obstacle data: 4 static, 2 dynamic
Simulation step 80/1200 - Time: 8.1s - Position: (0.0, -0.9)
Sent obstacle data: 4 static, 2 dynamic
Simulation step 90/1200 - Time: 9.1s - Position: (-0.2, -1.1)
Sent obstacle data: 4 static, 2 dynamic
Simulation step 90/1200 - Time: 9.1s - Position: (-0.2, -1.1)
Sent obstacle data: 4 static, 2 dynamic
Simulation step 90/1200 - Time: 9.1s - Position: (-0.2, -1.1)
Sent obstacle data: 4 static, 2 dynamic
Simulation step 90/1200 - Time: 9.1s - Position: (-0.2, -1.1)
Sent obstacle data: 4 static, 2 dynamic
Simulation completed successfully
Starting simulation with scenario: waypoint, controller: pid, obstacle avoidance: True
Initialized obstacle avoidance with 0 static and 0 dynamic obstacles
Simulation worker starting... total_steps=1200, dt=0.1
Simulation thread started successfully: 13468250112
Simulation step 0/1200 - Time: 0.0s - Position: (0.0, 0.0)
Sent obstacle data: 4 static, 2 dynamic
Simulation step 10/1200 - Time: 1.1s - Position: (0.1, -0.0)
Sent obstacle data: 4 static, 2 dynamic
Simulation step 20/1200 - Time: 2.0s - Position: (0.3, -0.0)
Sent obstacle data: 4 static, 2 dynamic
Simulation step 30/1200 - Time: 3.0s - Position: (0.5, -0.2)
Sent obstacle data: 4 static, 2 dynamic
Simulation step 40/1200 - Time: 4.0s - Position: (0.6, -0.4)
Sent obstacle data: 4 static, 2 dynamic
Simulation step 50/1200 - Time: 5.1s - Position: (0.5, -0.6)
Sent obstacle data: 4 static, 2 dynamic
Simulation step 60/1200 - Time: 6.1s - Position: (0.3, -0.7)
Sent obstacle data: 4 static, 2 dynamic
Simulation step 70/1200 - Time: 7.1s - Position: (0.1, -0.8)
Sent obstacle data: 4 static, 2 dynamic
Simulation step 80/1200 - Time: 8.1s - Position: (-0.2, -0.9)
Sent obstacle data: 4 static, 2 dynamic
Simulation step 90/1200 - Time: 9.1s - Position: (-0.4, -1.1)
Sent obstacle data: 4 static, 2 dynamic
Simulation step 100/1200 - Time: 10.1s - Position: (-0.5, -1.4)
Sent obstacle data: 4 static, 2 dynamic
Simulation step 110/1200 - Time: 11.1s - Position: (-0.7, -1.7)
Sent obstacle data: 4 static, 2 dynamic
Client disconnected
Client connected
Simulation step 120/1200 - Time: 12.1s - Position: (-0.8, -2.1)
Sent obstacle data: 4 static, 2 dynamic
Simulation step 130/1200 - Time: 13.1s - Position: (-1.1, -2.4)
Sent obstacle data: 4 static, 2 dynamic
Simulation step 140/1200 - Time: 14.1s - Position: (-1.3, -2.7)
Sent obstacle data: 4 static, 2 dynamic
Simulation step 150/1200 - Time: 15.1s - Position: (-1.7, -3.0)
Sent obstacle data: 4 static, 2 dynamic
Simulation step 160/1200 - Time: 16.1s - Position: (-2.0, -3.4)
Sent obstacle data: 4 static, 2 dynamic
Simulation step 170/1200 - Time: 17.1s - Position: (-2.3, -3.8)
Sent obstacle data: 4 static, 2 dynamic
Simulation step 180/1200 - Time: 18.1s - Position: (-2.5, -4.2)
Sent obstacle data: 4 static, 2 dynamic
Simulation step 190/1200 - Time: 19.0s - Position: (-2.8, -4.6)
Sent obstacle data: 4 static, 2 dynamic
Simulation step 200/1200 - Time: 20.0s - Position: (-3.1, -5.2)
Sent obstacle data: 4 static, 2 dynamic
Simulation step 210/1200 - Time: 21.0s - Position: (-3.4, -5.7)
Sent obstacle data: 4 static, 2 dynamic
Simulation step 220/1200 - Time: 22.0s - Position: (-3.7, -6.4)
Sent obstacle data: 4 static, 2 dynamic
Simulation step 230/1200 - Time: 23.0s - Position: (-3.9, -7.1)
Sent obstacle data: 4 static, 2 dynamic
Simulation step 240/1200 - Time: 24.0s - Position: (-4.0, -7.9)
Sent obstacle data: 4 static, 2 dynamic
Simulation step 250/1200 - Time: 25.0s - Position: (-3.9, -8.6)
Sent obstacle data: 4 static, 2 dynamic
Simulation step 260/1200 - Time: 26.0s - Position: (-3.6, -9.2)
Sent obstacle data: 4 static, 2 dynamic
Simulation step 270/1200 - Time: 27.0s - Position: (-3.2, -9.8)
Sent obstacle data: 4 static, 2 dynamic
Simulation step 280/1200 - Time: 28.0s - Position: (-2.8, -10.2)
Sent obstacle data: 4 static, 2 dynamic
Simulation step 290/1200 - Time: 29.0s - Position: (-2.2, -10.5)
Sent obstacle data: 4 static, 2 dynamic
Simulation step 300/1200 - Time: 30.0s - Position: (-1.5, -10.9)
Sent obstacle data: 4 static, 2 dynamic
Simulation step 310/1200 - Time: 31.0s - Position: (-0.7, -11.4)
Sent obstacle data: 4 static, 2 dynamic
Simulation step 320/1200 - Time: 32.0s - Position: (0.2, -12.2)
Sent obstacle data: 4 static, 2 dynamic
Simulation step 330/1200 - Time: 33.0s - Position: (1.7, -13.6)
Sent obstacle data: 4 static, 2 dynamic
Simulation step 340/1200 - Time: 34.0s - Position: (5.4, -17.7)
Sent obstacle data: 4 static, 2 dynamic
Simulation step 350/1200 - Time: 35.0s - Position: (11.6, -25.1)
Sent obstacle data: 4 static, 2 dynamic
Simulation step 360/1200 - Time: 36.0s - Position: (17.1, -34.5)
Sent obstacle data: 4 static, 2 dynamic
Simulation step 370/1200 - Time: 37.0s - Position: (14.3, -44.9)
Sent obstacle data: 4 static, 2 dynamic
Simulation step 380/1200 - Time: 38.0s - Position: (4.4, -49.6)
Sent obstacle data: 4 static, 2 dynamic
Simulation step 390/1200 - Time: 39.0s - Position: (-6.5, -47.9)
Sent obstacle data: 4 static, 2 dynamic
Simulation step 400/1200 - Time: 40.0s - Position: (-14.9, -40.8)
Sent obstacle data: 4 static, 2 dynamic
Simulation step 410/1200 - Time: 41.0s - Position: (-15.7, -30.1)
Sent obstacle data: 4 static, 2 dynamic
Simulation step 420/1200 - Time: 42.0s - Position: (-7.1, -23.6)
Sent obstacle data: 4 static, 2 dynamic
Simulation step 430/1200 - Time: 43.0s - Position: (3.5, -26.2)
Sent obstacle data: 4 static, 2 dynamic
Simulation step 440/1200 - Time: 44.0s - Position: (10.5, -34.6)
Sent obstacle data: 4 static, 2 dynamic
Simulation step 450/1200 - Time: 45.0s - Position: (8.8, -45.2)
Sent obstacle data: 4 static, 2 dynamic
Simulation step 460/1200 - Time: 46.0s - Position: (-0.8, -50.2)
Sent obstacle data: 4 static, 2 dynamic
127.0.0.1 - - [19/May/2025 17:51:36] "GET /socket.io/?EIO=4&transport=websocket HTTP/1.1" 200 0 45.008080
(14959) accepted ('127.0.0.1', 60497)
127.0.0.1 - - [19/May/2025 17:52:23] "GET /socket.io/?EIO=4&transport=websocket HTTP/1.1" 200 0 45.005914
(14959) accepted ('127.0.0.1', 61125)
127.0.0.1 - - [19/May/2025 17:53:10] "GET /socket.io/?EIO=4&transport=websocket HTTP/1.1" 200 0 45.008406
(14959) accepted ('127.0.0.1', 61694)
